<?xml version="1.0" encoding="UTF-8"?>
<!-- Generated by org.testng.reporters.JUnitReportReporter -->
<testsuite hostname="LAPTOP-IPLLEVSM" failures="0" tests="1" name="Academy.HomePage" time="7.461" errors="0" timestamp="2022-04-24T16:54:47 IST" skipped="0">
  <testcase classname="Academy.HomePage" name="basePageNavigation" time="7.461"/>
  <system-out/>
</testsuite> <!-- Academy.HomePage -->
